<?xml version="1.0" encoding="UTF-8"?>
<!-- Generated by org.testng.reporters.JUnitReportReporter -->
<testsuite hostname="dewgong" failures="0" tests="21" name="eost.InsuranceTest" time="0.011" errors="0" timestamp="2023-09-29T11:47:33 EDT" skipped="0">
  <testcase classname="eost.InsuranceTest" name="test_premium" time="0.000"/>
  <testcase classname="eost.InsuranceTest" name="test_premium" time="0.000"/>
  <testcase classname="eost.InsuranceTest" name="test_premium" time="0.000"/>
  <testcase classname="eost.InsuranceTest" name="test_premium" time="0.000"/>
  <testcase classname="eost.InsuranceTest" name="test_premium" time="0.000"/>
  <testcase classname="eost.InsuranceTest" name="test_premium" time="0.000"/>
  <testcase classname="eost.InsuranceTest" name="test_premium" time="0.009"/>
  <testcase classname="eost.InsuranceTest" name="test_premium" time="0.000"/>
  <testcase classname="eost.InsuranceTest" name="test_premium" time="0.000"/>
  <testcase classname="eost.InsuranceTest" name="test_premium" time="0.000"/>
  <testcase classname="eost.InsuranceTest" name="test_premium" time="0.000"/>
  <testcase classname="eost.InsuranceTest" name="test_premium" time="0.000"/>
  <testcase classname="eost.InsuranceTest" name="test_premium" time="0.000"/>
  <testcase classname="eost.InsuranceTest" name="test_premium" time="0.000"/>
  <testcase classname="eost.InsuranceTest" name="test_premium" time="0.000"/>
  <testcase classname="eost.InsuranceTest" name="test_premium" time="0.001"/>
  <testcase classname="eost.InsuranceTest" name="test_premium" time="0.000"/>
  <testcase classname="eost.InsuranceTest" name="test_premium" time="0.001"/>
  <testcase classname="eost.InsuranceTest" name="test_premium" time="0.000"/>
  <testcase classname="eost.InsuranceTest" name="test_premium" time="0.000"/>
  <testcase classname="eost.InsuranceTest" name="test_premium" time="0.000"/>
</testsuite> <!-- eost.InsuranceTest -->
